<?xml version="1.0" encoding="UTF-8"?>
<!-- Generated by org.testng.reporters.JUnitXMLReporter -->
<testsuite hostname="SVRB1V1" name="MillerAcceptance Scenarios" tests="1" failures="1" timestamp="26 Dec 2020 04:16:48 GMT" time="53.174" errors="0">
  <testcase name="AcceptanceOfTransitPass" time="53.122" classname="PPASTestScenario.MillerAcceptance">
    <failure type="org.openqa.selenium.NoSuchElementException" message="Cannot locate an element using xpath=//*[@id=&amp;apos;viewPacsTableId&amp;apos;]/tbody/tr[2]/td[13]/a
For documentation on this error, please visit: https://www.seleniumhq.org/exceptions/no_such_element.html
Build info: version: &amp;apos;3.141.59&amp;apos;, revision: &amp;apos;e82be7d358&amp;apos;, time: &amp;apos;2018-11-14T08:17:03&amp;apos;
System info: host: &amp;apos;SVRB1V1&amp;apos;, ip: &amp;apos;192.168.10.170&amp;apos;, os.name: &amp;apos;Windows 8.1&amp;apos;, os.arch: &amp;apos;amd64&amp;apos;, os.version: &amp;apos;6.3&amp;apos;, java.version: &amp;apos;1.8.0_25&amp;apos;
Driver info: driver.version: RemoteWebDriver">
      <![CDATA[org.openqa.selenium.NoSuchElementException: Cannot locate an element using xpath=//*[@id='viewPacsTableId']/tbody/tr[2]/td[13]/a
For documentation on this error, please visit: https://www.seleniumhq.org/exceptions/no_such_element.html
Build info: version: '3.141.59', revision: 'e82be7d358', time: '2018-11-14T08:17:03'
System info: host: 'SVRB1V1', ip: '192.168.10.170', os.name: 'Windows 8.1', os.arch: 'amd64', os.version: '6.3', java.version: '1.8.0_25'
Driver info: driver.version: RemoteWebDriver
	at org.openqa.selenium.remote.RemoteWebDriver.findElement(RemoteWebDriver.java:327)
	at org.openqa.selenium.remote.RemoteWebDriver.findElementByXPath(RemoteWebDriver.java:428)
	at org.openqa.selenium.By$ByXPath.findElement(By.java:353)
	at org.openqa.selenium.remote.RemoteWebDriver.findElement(RemoteWebDriver.java:315)
	at ObjectRepository.MillerAcceptanceBase.ClickOnAcceptButtom(MillerAcceptanceBase.java:72)
	at PPASTestScenario.MillerAcceptance.AcceptanceOfTransitPass(MillerAcceptance.java:100)
... Removed 24 stack frames]]>
    </failure>
  </testcase> <!-- AcceptanceOfTransitPass -->
</testsuite> <!-- MillerAcceptance Scenarios -->
